<?xml version="1.0" encoding="UTF-8"?>
<!-- Generated by org.testng.reporters.JUnitXMLReporter -->
<testsuite hostname="DESKTOP-GL987L8" ignored="16" name="Test" tests="5" failures="0" timestamp="04 Apr 2020 06:25:29 GMT" time="62.809" errors="0">
  <testcase name="irctcSignUp" time="10.701" classname="testcases.TC004"/>
  <testcase name="irctcSignUp" time="10.551" classname="testcases.TC001"/>
  <testcase name="irctcSignUp" time="23.214" classname="testcases.TC005"/>
  <testcase name="irctcSignUp" time="30.838" classname="testcases.TC002"/>
  <testcase name="irctcSignUp" time="40.863" classname="testcases.TC003"/>
  <testcase name="@BeforeTest beforeTest" time="0.0" classname="wrappers.ProjectWrappers">
    <ignored/>
  </testcase> <!-- @BeforeTest beforeTest -->
  <testcase name="@BeforeTest beforeTest" time="0.0" classname="wrappers.ProjectWrappers">
    <ignored/>
  </testcase> <!-- @BeforeTest beforeTest -->
  <testcase name="@BeforeTest beforeTest" time="0.0" classname="wrappers.ProjectWrappers">
    <ignored/>
  </testcase> <!-- @BeforeTest beforeTest -->
  <testcase name="@BeforeTest beforeTest" time="0.0" classname="wrappers.ProjectWrappers">
    <ignored/>
  </testcase> <!-- @BeforeTest beforeTest -->
  <testcase name="@AfterSuite afterSuite" time="0.0" classname="wrappers.ProjectWrappers">
    <ignored/>
  </testcase> <!-- @AfterSuite afterSuite -->
  <testcase name="@AfterSuite afterSuite" time="0.0" classname="wrappers.ProjectWrappers">
    <ignored/>
  </testcase> <!-- @AfterSuite afterSuite -->
  <testcase name="@AfterSuite afterSuite" time="0.0" classname="wrappers.ProjectWrappers">
    <ignored/>
  </testcase> <!-- @AfterSuite afterSuite -->
  <testcase name="@AfterSuite afterSuite" time="0.0" classname="wrappers.ProjectWrappers">
    <ignored/>
  </testcase> <!-- @AfterSuite afterSuite -->
  <testcase name="@AfterTest afterTest" time="0.0" classname="wrappers.ProjectWrappers">
    <ignored/>
  </testcase> <!-- @AfterTest afterTest -->
  <testcase name="@AfterTest afterTest" time="0.0" classname="wrappers.ProjectWrappers">
    <ignored/>
  </testcase> <!-- @AfterTest afterTest -->
  <testcase name="@AfterTest afterTest" time="0.0" classname="wrappers.ProjectWrappers">
    <ignored/>
  </testcase> <!-- @AfterTest afterTest -->
  <testcase name="@AfterTest afterTest" time="0.0" classname="wrappers.ProjectWrappers">
    <ignored/>
  </testcase> <!-- @AfterTest afterTest -->
  <testcase name="@BeforeSuite beforeSuite" time="0.0" classname="wrappers.ProjectWrappers">
    <ignored/>
  </testcase> <!-- @BeforeSuite beforeSuite -->
  <testcase name="@BeforeSuite beforeSuite" time="0.0" classname="wrappers.ProjectWrappers">
    <ignored/>
  </testcase> <!-- @BeforeSuite beforeSuite -->
  <testcase name="@BeforeSuite beforeSuite" time="0.0" classname="wrappers.ProjectWrappers">
    <ignored/>
  </testcase> <!-- @BeforeSuite beforeSuite -->
  <testcase name="@BeforeSuite beforeSuite" time="0.0" classname="wrappers.ProjectWrappers">
    <ignored/>
  </testcase> <!-- @BeforeSuite beforeSuite -->
</testsuite> <!-- Test -->
