<?xml version="1.0" encoding="UTF-8"?>
<!-- Generated by org.testng.reporters.JUnitXMLReporter -->
<testsuite hostname="DESKTOP-GL987L8" ignored="16" name="Test" tests="5" failures="0" timestamp="2020-04-04T11:59:38 IST" time="44.986" errors="0">
  <testcase name="irctcSignUp" time="16.733" classname="testcases.TC001"/>
  <testcase name="irctcSignUp" time="17.686" classname="testcases.TC003"/>
  <testcase name="irctcSignUp" time="14.023" classname="testcases.TC002"/>
  <testcase name="irctcSignUp" time="17.133" classname="testcases.TC005"/>
  <testcase name="irctcSignUp" time="23.132" classname="testcases.TC004"/>
  <testcase name="@BeforeTest beforeTest" time="0.0" classname="wrappers.ProjectWrappers">
    <ignored/>
  </testcase> <!-- @BeforeTest beforeTest -->
  <testcase name="@BeforeTest beforeTest" time="0.0" classname="wrappers.ProjectWrappers">
    <ignored/>
  </testcase> <!-- @BeforeTest beforeTest -->
  <testcase name="@BeforeTest beforeTest" time="0.0" classname="wrappers.ProjectWrappers">
    <ignored/>
  </testcase> <!-- @BeforeTest beforeTest -->
  <testcase name="@BeforeTest beforeTest" time="0.0" classname="wrappers.ProjectWrappers">
    <ignored/>
  </testcase> <!-- @BeforeTest beforeTest -->
  <testcase name="@AfterSuite afterSuite" time="0.0" classname="wrappers.ProjectWrappers">
    <ignored/>
  </testcase> <!-- @AfterSuite afterSuite -->
  <testcase name="@AfterSuite afterSuite" time="0.0" classname="wrappers.ProjectWrappers">
    <ignored/>
  </testcase> <!-- @AfterSuite afterSuite -->
  <testcase name="@AfterSuite afterSuite" time="0.0" classname="wrappers.ProjectWrappers">
    <ignored/>
  </testcase> <!-- @AfterSuite afterSuite -->
  <testcase name="@AfterSuite afterSuite" time="0.0" classname="wrappers.ProjectWrappers">
    <ignored/>
  </testcase> <!-- @AfterSuite afterSuite -->
  <testcase name="@AfterTest afterTest" time="0.0" classname="wrappers.ProjectWrappers">
    <ignored/>
  </testcase> <!-- @AfterTest afterTest -->
  <testcase name="@AfterTest afterTest" time="0.0" classname="wrappers.ProjectWrappers">
    <ignored/>
  </testcase> <!-- @AfterTest afterTest -->
  <testcase name="@AfterTest afterTest" time="0.0" classname="wrappers.ProjectWrappers">
    <ignored/>
  </testcase> <!-- @AfterTest afterTest -->
  <testcase name="@AfterTest afterTest" time="0.0" classname="wrappers.ProjectWrappers">
    <ignored/>
  </testcase> <!-- @AfterTest afterTest -->
  <testcase name="@BeforeSuite beforeSuite" time="0.0" classname="wrappers.ProjectWrappers">
    <ignored/>
  </testcase> <!-- @BeforeSuite beforeSuite -->
  <testcase name="@BeforeSuite beforeSuite" time="0.0" classname="wrappers.ProjectWrappers">
    <ignored/>
  </testcase> <!-- @BeforeSuite beforeSuite -->
  <testcase name="@BeforeSuite beforeSuite" time="0.0" classname="wrappers.ProjectWrappers">
    <ignored/>
  </testcase> <!-- @BeforeSuite beforeSuite -->
  <testcase name="@BeforeSuite beforeSuite" time="0.0" classname="wrappers.ProjectWrappers">
    <ignored/>
  </testcase> <!-- @BeforeSuite beforeSuite -->
</testsuite> <!-- Test -->
