<?xml version="1.0" encoding="UTF-8"?>
<testng-results skipped="0" failed="0" ignored="16" total="21" passed="5">
  <reporter-output>
  </reporter-output>
  <suite name="Suite" duration-ms="80190" started-at="2020-04-04T12:27:15 IST" finished-at="2020-04-04T12:28:35 IST">
    <groups>
    </groups>
    <test name="Test" duration-ms="80190" started-at="2020-04-04T12:27:15 IST" finished-at="2020-04-04T12:28:35 IST">
      <class name="testcases.TC005">
        <test-method status="PASS" signature="setvariables()[pri:0, instance:testcases.TC005@65e2dbf3]" name="setvariables" is-config="true" duration-ms="0" started-at="2020-04-04T12:27:15 IST" finished-at="2020-04-04T12:27:15 IST">
          <reporter-output>
          </reporter-output>
        </test-method> <!-- setvariables -->
        <test-method status="PASS" signature="beforeMethod()[pri:0, instance:testcases.TC005@65e2dbf3]" name="beforeMethod" is-config="true" duration-ms="17443" started-at="2020-04-04T12:27:15 IST" finished-at="2020-04-04T12:27:32 IST">
          <reporter-output>
          </reporter-output>
        </test-method> <!-- beforeMethod -->
        <test-method status="PASS" signature="irctcSignUp()[pri:0, instance:testcases.TC005@65e2dbf3]" name="irctcSignUp" duration-ms="56228" started-at="2020-04-04T12:27:32 IST" finished-at="2020-04-04T12:28:29 IST">
          <reporter-output>
          </reporter-output>
        </test-method> <!-- irctcSignUp -->
        <test-method status="PASS" signature="afterMethod()[pri:0, instance:testcases.TC005@65e2dbf3]" name="afterMethod" is-config="true" duration-ms="627" started-at="2020-04-04T12:28:29 IST" finished-at="2020-04-04T12:28:29 IST">
          <reporter-output>
          </reporter-output>
        </test-method> <!-- afterMethod -->
        <test-method status="PASS" signature="afterClass()[pri:0, instance:testcases.TC005@65e2dbf3]" name="afterClass" is-config="true" duration-ms="1" started-at="2020-04-04T12:28:29 IST" finished-at="2020-04-04T12:28:29 IST">
          <reporter-output>
          </reporter-output>
        </test-method> <!-- afterClass -->
      </class> <!-- testcases.TC005 -->
      <class name="testcases.TC004">
        <test-method status="PASS" signature="setvariables()[pri:0, instance:testcases.TC004@2b9627bc]" name="setvariables" is-config="true" duration-ms="0" started-at="2020-04-04T12:27:15 IST" finished-at="2020-04-04T12:27:15 IST">
          <reporter-output>
          </reporter-output>
        </test-method> <!-- setvariables -->
        <test-method status="PASS" signature="beforeMethod()[pri:0, instance:testcases.TC004@2b9627bc]" name="beforeMethod" is-config="true" duration-ms="20092" started-at="2020-04-04T12:27:15 IST" finished-at="2020-04-04T12:27:35 IST">
          <reporter-output>
          </reporter-output>
        </test-method> <!-- beforeMethod -->
        <test-method status="PASS" signature="irctcSignUp()[pri:0, instance:testcases.TC004@2b9627bc]" name="irctcSignUp" duration-ms="11685" started-at="2020-04-04T12:27:35 IST" finished-at="2020-04-04T12:27:47 IST">
          <reporter-output>
          </reporter-output>
        </test-method> <!-- irctcSignUp -->
        <test-method status="PASS" signature="afterMethod()[pri:0, instance:testcases.TC004@2b9627bc]" name="afterMethod" is-config="true" duration-ms="705" started-at="2020-04-04T12:27:47 IST" finished-at="2020-04-04T12:27:47 IST">
          <reporter-output>
          </reporter-output>
        </test-method> <!-- afterMethod -->
        <test-method status="PASS" signature="afterClass()[pri:0, instance:testcases.TC004@2b9627bc]" name="afterClass" is-config="true" duration-ms="0" started-at="2020-04-04T12:27:47 IST" finished-at="2020-04-04T12:27:47 IST">
          <reporter-output>
          </reporter-output>
        </test-method> <!-- afterClass -->
      </class> <!-- testcases.TC004 -->
      <class name="testcases.TC003">
        <test-method status="PASS" signature="setvariables()[pri:0, instance:testcases.TC003@67b92f0a]" name="setvariables" is-config="true" duration-ms="0" started-at="2020-04-04T12:27:15 IST" finished-at="2020-04-04T12:27:15 IST">
          <reporter-output>
          </reporter-output>
        </test-method> <!-- setvariables -->
        <test-method status="PASS" signature="beforeMethod()[pri:0, instance:testcases.TC003@67b92f0a]" name="beforeMethod" is-config="true" duration-ms="19785" started-at="2020-04-04T12:27:15 IST" finished-at="2020-04-04T12:27:35 IST">
          <reporter-output>
          </reporter-output>
        </test-method> <!-- beforeMethod -->
        <test-method status="PASS" signature="irctcSignUp()[pri:0, instance:testcases.TC003@67b92f0a]" name="irctcSignUp" duration-ms="11757" started-at="2020-04-04T12:27:35 IST" finished-at="2020-04-04T12:27:46 IST">
          <reporter-output>
          </reporter-output>
        </test-method> <!-- irctcSignUp -->
        <test-method status="PASS" signature="afterMethod()[pri:0, instance:testcases.TC003@67b92f0a]" name="afterMethod" is-config="true" duration-ms="724" started-at="2020-04-04T12:27:46 IST" finished-at="2020-04-04T12:27:47 IST">
          <reporter-output>
          </reporter-output>
        </test-method> <!-- afterMethod -->
        <test-method status="PASS" signature="afterClass()[pri:0, instance:testcases.TC003@67b92f0a]" name="afterClass" is-config="true" duration-ms="1" started-at="2020-04-04T12:27:47 IST" finished-at="2020-04-04T12:27:47 IST">
          <reporter-output>
          </reporter-output>
        </test-method> <!-- afterClass -->
      </class> <!-- testcases.TC003 -->
      <class name="testcases.TC002">
        <test-method status="PASS" signature="setvariables()[pri:0, instance:testcases.TC002@1d16f93d]" name="setvariables" is-config="true" duration-ms="0" started-at="2020-04-04T12:27:15 IST" finished-at="2020-04-04T12:27:15 IST">
          <reporter-output>
          </reporter-output>
        </test-method> <!-- setvariables -->
        <test-method status="PASS" signature="beforeMethod()[pri:0, instance:testcases.TC002@1d16f93d]" name="beforeMethod" is-config="true" duration-ms="20307" started-at="2020-04-04T12:27:15 IST" finished-at="2020-04-04T12:27:35 IST">
          <reporter-output>
          </reporter-output>
        </test-method> <!-- beforeMethod -->
        <test-method status="PASS" signature="irctcSignUp()[pri:0, instance:testcases.TC002@1d16f93d]" name="irctcSignUp" duration-ms="54842" started-at="2020-04-04T12:27:35 IST" finished-at="2020-04-04T12:28:30 IST">
          <reporter-output>
          </reporter-output>
        </test-method> <!-- irctcSignUp -->
        <test-method status="PASS" signature="afterMethod()[pri:0, instance:testcases.TC002@1d16f93d]" name="afterMethod" is-config="true" duration-ms="637" started-at="2020-04-04T12:28:30 IST" finished-at="2020-04-04T12:28:31 IST">
          <reporter-output>
          </reporter-output>
        </test-method> <!-- afterMethod -->
        <test-method status="PASS" signature="afterClass()[pri:0, instance:testcases.TC002@1d16f93d]" name="afterClass" is-config="true" duration-ms="1" started-at="2020-04-04T12:28:31 IST" finished-at="2020-04-04T12:28:31 IST">
          <reporter-output>
          </reporter-output>
        </test-method> <!-- afterClass -->
      </class> <!-- testcases.TC002 -->
      <class name="testcases.TC001">
        <test-method status="PASS" signature="beforeSuite()[pri:0, instance:testcases.TC001@6325a3ee]" name="beforeSuite" is-config="true" duration-ms="82" started-at="2020-04-04T12:27:15 IST" finished-at="2020-04-04T12:27:15 IST">
          <reporter-output>
          </reporter-output>
        </test-method> <!-- beforeSuite -->
        <test-method status="PASS" signature="beforeTest()[pri:0, instance:testcases.TC001@6325a3ee]" name="beforeTest" is-config="true" duration-ms="0" started-at="2020-04-04T12:27:15 IST" finished-at="2020-04-04T12:27:15 IST">
          <reporter-output>
          </reporter-output>
        </test-method> <!-- beforeTest -->
        <test-method status="PASS" signature="setvariables()[pri:0, instance:testcases.TC001@6325a3ee]" name="setvariables" is-config="true" duration-ms="0" started-at="2020-04-04T12:27:15 IST" finished-at="2020-04-04T12:27:15 IST">
          <reporter-output>
          </reporter-output>
        </test-method> <!-- setvariables -->
        <test-method status="PASS" signature="beforeMethod()[pri:0, instance:testcases.TC001@6325a3ee]" name="beforeMethod" is-config="true" duration-ms="24867" started-at="2020-04-04T12:27:15 IST" finished-at="2020-04-04T12:27:40 IST">
          <reporter-output>
          </reporter-output>
        </test-method> <!-- beforeMethod -->
        <test-method status="PASS" signature="irctcSignUp()[pri:0, instance:testcases.TC001@6325a3ee]" name="irctcSignUp" duration-ms="54667" started-at="2020-04-04T12:27:40 IST" finished-at="2020-04-04T12:28:34 IST">
          <reporter-output>
          </reporter-output>
        </test-method> <!-- irctcSignUp -->
        <test-method status="PASS" signature="afterMethod()[pri:0, instance:testcases.TC001@6325a3ee]" name="afterMethod" is-config="true" duration-ms="636" started-at="2020-04-04T12:28:34 IST" finished-at="2020-04-04T12:28:35 IST">
          <reporter-output>
          </reporter-output>
        </test-method> <!-- afterMethod -->
        <test-method status="PASS" signature="afterClass()[pri:0, instance:testcases.TC001@6325a3ee]" name="afterClass" is-config="true" duration-ms="0" started-at="2020-04-04T12:28:35 IST" finished-at="2020-04-04T12:28:35 IST">
          <reporter-output>
          </reporter-output>
        </test-method> <!-- afterClass -->
        <test-method status="PASS" signature="afterTest()[pri:0, instance:testcases.TC001@6325a3ee]" name="afterTest" is-config="true" duration-ms="0" started-at="2020-04-04T12:28:35 IST" finished-at="2020-04-04T12:28:35 IST">
          <reporter-output>
          </reporter-output>
        </test-method> <!-- afterTest -->
        <test-method status="PASS" signature="afterSuite()[pri:0, instance:testcases.TC001@6325a3ee]" name="afterSuite" is-config="true" duration-ms="292" started-at="2020-04-04T12:28:35 IST" finished-at="2020-04-04T12:28:35 IST">
          <reporter-output>
          </reporter-output>
        </test-method> <!-- afterSuite -->
      </class> <!-- testcases.TC001 -->
    </test> <!-- Test -->
  </suite> <!-- Suite -->
</testng-results>
