<?xml version="1.0" encoding="UTF-8"?>
<testng-results skipped="0" failed="0" ignored="16" total="21" passed="5">
  <reporter-output>
  </reporter-output>
  <suite name="Suite" duration-ms="62809" started-at="2020-04-04T06:24:27Z" finished-at="2020-04-04T06:25:29Z">
    <groups>
    </groups>
    <test name="Test" duration-ms="62809" started-at="2020-04-04T06:24:27Z" finished-at="2020-04-04T06:25:29Z">
      <class name="testcases.TC005">
        <test-method status="PASS" signature="setvariables()[pri:0, instance:testcases.TC005@73846619]" name="setvariables" is-config="true" duration-ms="0" started-at="2020-04-04T11:54:27Z" finished-at="2020-04-04T11:54:27Z">
          <reporter-output>
          </reporter-output>
        </test-method> <!-- setvariables -->
        <test-method status="PASS" signature="beforeMethod()[pri:0, instance:testcases.TC005@73846619]" name="beforeMethod" is-config="true" duration-ms="19630" started-at="2020-04-04T11:54:27Z" finished-at="2020-04-04T11:54:46Z">
          <reporter-output>
          </reporter-output>
        </test-method> <!-- beforeMethod -->
        <test-method status="PASS" signature="irctcSignUp()[pri:0, instance:testcases.TC005@73846619]" name="irctcSignUp" duration-ms="23214" started-at="2020-04-04T11:54:46Z" finished-at="2020-04-04T11:55:10Z">
          <reporter-output>
          </reporter-output>
        </test-method> <!-- irctcSignUp -->
        <test-method status="PASS" signature="afterMethod()[pri:0, instance:testcases.TC005@73846619]" name="afterMethod" is-config="true" duration-ms="631" started-at="2020-04-04T11:55:10Z" finished-at="2020-04-04T11:55:10Z">
          <reporter-output>
          </reporter-output>
        </test-method> <!-- afterMethod -->
        <test-method status="PASS" signature="afterClass()[pri:0, instance:testcases.TC005@73846619]" name="afterClass" is-config="true" duration-ms="0" started-at="2020-04-04T11:55:10Z" finished-at="2020-04-04T11:55:10Z">
          <reporter-output>
          </reporter-output>
        </test-method> <!-- afterClass -->
      </class> <!-- testcases.TC005 -->
      <class name="testcases.TC004">
        <test-method status="PASS" signature="setvariables()[pri:0, instance:testcases.TC004@3159c4b8]" name="setvariables" is-config="true" duration-ms="0" started-at="2020-04-04T11:54:27Z" finished-at="2020-04-04T11:54:27Z">
          <reporter-output>
          </reporter-output>
        </test-method> <!-- setvariables -->
        <test-method status="PASS" signature="beforeMethod()[pri:0, instance:testcases.TC004@3159c4b8]" name="beforeMethod" is-config="true" duration-ms="17394" started-at="2020-04-04T11:54:27Z" finished-at="2020-04-04T11:54:44Z">
          <reporter-output>
          </reporter-output>
        </test-method> <!-- beforeMethod -->
        <test-method status="PASS" signature="irctcSignUp()[pri:0, instance:testcases.TC004@3159c4b8]" name="irctcSignUp" duration-ms="10701" started-at="2020-04-04T11:54:44Z" finished-at="2020-04-04T11:54:55Z">
          <reporter-output>
          </reporter-output>
        </test-method> <!-- irctcSignUp -->
        <test-method status="PASS" signature="afterMethod()[pri:0, instance:testcases.TC004@3159c4b8]" name="afterMethod" is-config="true" duration-ms="685" started-at="2020-04-04T11:54:55Z" finished-at="2020-04-04T11:54:55Z">
          <reporter-output>
          </reporter-output>
        </test-method> <!-- afterMethod -->
        <test-method status="PASS" signature="afterClass()[pri:0, instance:testcases.TC004@3159c4b8]" name="afterClass" is-config="true" duration-ms="3" started-at="2020-04-04T11:54:55Z" finished-at="2020-04-04T11:54:55Z">
          <reporter-output>
          </reporter-output>
        </test-method> <!-- afterClass -->
      </class> <!-- testcases.TC004 -->
      <class name="testcases.TC003">
        <test-method status="PASS" signature="setvariables()[pri:0, instance:testcases.TC003@4b952a2d]" name="setvariables" is-config="true" duration-ms="0" started-at="2020-04-04T11:54:27Z" finished-at="2020-04-04T11:54:27Z">
          <reporter-output>
          </reporter-output>
        </test-method> <!-- setvariables -->
        <test-method status="PASS" signature="beforeMethod()[pri:0, instance:testcases.TC003@4b952a2d]" name="beforeMethod" is-config="true" duration-ms="21317" started-at="2020-04-04T11:54:27Z" finished-at="2020-04-04T11:54:48Z">
          <reporter-output>
          </reporter-output>
        </test-method> <!-- beforeMethod -->
        <test-method status="PASS" signature="irctcSignUp()[pri:0, instance:testcases.TC003@4b952a2d]" name="irctcSignUp" duration-ms="40863" started-at="2020-04-04T11:54:48Z" finished-at="2020-04-04T11:55:29Z">
          <reporter-output>
          </reporter-output>
        </test-method> <!-- irctcSignUp -->
        <test-method status="PASS" signature="afterMethod()[pri:0, instance:testcases.TC003@4b952a2d]" name="afterMethod" is-config="true" duration-ms="614" started-at="2020-04-04T11:55:29Z" finished-at="2020-04-04T11:55:29Z">
          <reporter-output>
          </reporter-output>
        </test-method> <!-- afterMethod -->
        <test-method status="PASS" signature="afterClass()[pri:0, instance:testcases.TC003@4b952a2d]" name="afterClass" is-config="true" duration-ms="0" started-at="2020-04-04T11:55:29Z" finished-at="2020-04-04T11:55:29Z">
          <reporter-output>
          </reporter-output>
        </test-method> <!-- afterClass -->
      </class> <!-- testcases.TC003 -->
      <class name="testcases.TC002">
        <test-method status="PASS" signature="setvariables()[pri:0, instance:testcases.TC002@69ea3742]" name="setvariables" is-config="true" duration-ms="0" started-at="2020-04-04T11:54:27Z" finished-at="2020-04-04T11:54:27Z">
          <reporter-output>
          </reporter-output>
        </test-method> <!-- setvariables -->
        <test-method status="PASS" signature="beforeMethod()[pri:0, instance:testcases.TC002@69ea3742]" name="beforeMethod" is-config="true" duration-ms="20960" started-at="2020-04-04T11:54:27Z" finished-at="2020-04-04T11:54:48Z">
          <reporter-output>
          </reporter-output>
        </test-method> <!-- beforeMethod -->
        <test-method status="PASS" signature="irctcSignUp()[pri:0, instance:testcases.TC002@69ea3742]" name="irctcSignUp" duration-ms="30838" started-at="2020-04-04T11:54:48Z" finished-at="2020-04-04T11:55:18Z">
          <reporter-output>
          </reporter-output>
        </test-method> <!-- irctcSignUp -->
        <test-method status="PASS" signature="afterMethod()[pri:0, instance:testcases.TC002@69ea3742]" name="afterMethod" is-config="true" duration-ms="611" started-at="2020-04-04T11:55:18Z" finished-at="2020-04-04T11:55:19Z">
          <reporter-output>
          </reporter-output>
        </test-method> <!-- afterMethod -->
        <test-method status="PASS" signature="afterClass()[pri:0, instance:testcases.TC002@69ea3742]" name="afterClass" is-config="true" duration-ms="0" started-at="2020-04-04T11:55:19Z" finished-at="2020-04-04T11:55:19Z">
          <reporter-output>
          </reporter-output>
        </test-method> <!-- afterClass -->
      </class> <!-- testcases.TC002 -->
      <class name="testcases.TC001">
        <test-method status="PASS" signature="beforeSuite()[pri:0, instance:testcases.TC001@5702b3b1]" name="beforeSuite" is-config="true" duration-ms="85" started-at="2020-04-04T11:54:27Z" finished-at="2020-04-04T11:54:27Z">
          <reporter-output>
          </reporter-output>
        </test-method> <!-- beforeSuite -->
        <test-method status="PASS" signature="beforeTest()[pri:0, instance:testcases.TC001@5702b3b1]" name="beforeTest" is-config="true" duration-ms="0" started-at="2020-04-04T11:54:27Z" finished-at="2020-04-04T11:54:27Z">
          <reporter-output>
          </reporter-output>
        </test-method> <!-- beforeTest -->
        <test-method status="PASS" signature="setvariables()[pri:0, instance:testcases.TC001@5702b3b1]" name="setvariables" is-config="true" duration-ms="0" started-at="2020-04-04T11:54:27Z" finished-at="2020-04-04T11:54:27Z">
          <reporter-output>
          </reporter-output>
        </test-method> <!-- setvariables -->
        <test-method status="PASS" signature="beforeMethod()[pri:0, instance:testcases.TC001@5702b3b1]" name="beforeMethod" is-config="true" duration-ms="18861" started-at="2020-04-04T11:54:27Z" finished-at="2020-04-04T11:54:46Z">
          <reporter-output>
          </reporter-output>
        </test-method> <!-- beforeMethod -->
        <test-method status="PASS" signature="irctcSignUp()[pri:0, instance:testcases.TC001@5702b3b1]" name="irctcSignUp" duration-ms="10551" started-at="2020-04-04T11:54:46Z" finished-at="2020-04-04T11:54:56Z">
          <reporter-output>
          </reporter-output>
        </test-method> <!-- irctcSignUp -->
        <test-method status="PASS" signature="afterMethod()[pri:0, instance:testcases.TC001@5702b3b1]" name="afterMethod" is-config="true" duration-ms="630" started-at="2020-04-04T11:54:56Z" finished-at="2020-04-04T11:54:57Z">
          <reporter-output>
          </reporter-output>
        </test-method> <!-- afterMethod -->
        <test-method status="PASS" signature="afterClass()[pri:0, instance:testcases.TC001@5702b3b1]" name="afterClass" is-config="true" duration-ms="0" started-at="2020-04-04T11:54:57Z" finished-at="2020-04-04T11:54:57Z">
          <reporter-output>
          </reporter-output>
        </test-method> <!-- afterClass -->
        <test-method status="PASS" signature="afterTest()[pri:0, instance:testcases.TC001@5702b3b1]" name="afterTest" is-config="true" duration-ms="1" started-at="2020-04-04T11:55:29Z" finished-at="2020-04-04T11:55:29Z">
          <reporter-output>
          </reporter-output>
        </test-method> <!-- afterTest -->
        <test-method status="PASS" signature="afterSuite()[pri:0, instance:testcases.TC001@5702b3b1]" name="afterSuite" is-config="true" duration-ms="175" started-at="2020-04-04T11:55:29Z" finished-at="2020-04-04T11:55:30Z">
          <reporter-output>
          </reporter-output>
        </test-method> <!-- afterSuite -->
      </class> <!-- testcases.TC001 -->
    </test> <!-- Test -->
  </suite> <!-- Suite -->
</testng-results>
